[    0.000000] Initializing cgroup subsys cpuset
[    0.000000] Initializing cgroup subsys cpu
[    0.000000] Initializing cgroup subsys cpuacct
[    0.000000] Linux version 4.4.0-210-generic (buildd@lgw01-amd64-009) (gcc version 5.4.0 20160609 (Ubuntu 5.4.0-6ubuntu1~16.04.12) ) #242-Ubuntu SMP Fri Apr 16 09:57:56 UTC 2021 (Ubuntu 4.4.0-210.242-generic 4.4.262)
[    0.000000] Command line: BOOT_IMAGE=/boot/vmlinuz-4.4.0-210-generic root=LABEL=cloudimg-rootfs ro console=tty1 console=ttyS0
[    0.000000] KERNEL supported cpus:
[    0.000000]   Intel GenuineIntel
[    0.000000]   AMD AuthenticAMD
[    0.000000]   Centaur CentaurHauls
[    0.000000] [Firmware Bug]: TSC doesn't count with P0 frequency!
[    0.000000] x86/fpu: xstate_offset[2]:  576, xstate_sizes[2]:  256
[    0.000000] x86/fpu: Supporting XSAVE feature 0x01: 'x87 floating point registers'
[    0.000000] x86/fpu: Supporting XSAVE feature 0x02: 'SSE registers'
[    0.000000] x86/fpu: Supporting XSAVE feature 0x04: 'AVX registers'
[    0.000000] x86/fpu: Enabled xstate features 0x7, context size is 832 bytes, using 'standard' format.
[    0.000000] e820: BIOS-provided physical RAM map:
[    0.000000] BIOS-e820: [mem 0x0000000000000000-0x000000000009fbff] usable
[    0.000000] BIOS-e820: [mem 0000000000009fc00-0x000000000009ffff] reserved
[    0.000000] BIOS-e820: [mem 0x00000000000f0000-0x00000000000fffff] reserved
[    0.000000] BIOS-e820: [mem 0x0000000000100000-0x000000003ffeffff] usable
[    0.000000] BIOS-e820: [mem 0x000000003fff0000-0x000000003fffffff] ACPI data
[    0.000000] BIOS-e820: [mem 0x00000000fec00000-0x00000000fec00fff] reserved
[    0.000000] BIOS-e820: [mem 0x00000000fee00000-0x00000000fee00fff] reserved
[    0.000000] BIOS-e820: [mem 0x00000000fffc0000-0x00000000ffffffff] reserved
[    0.000000] NX (Execute Disable) protection: active
[    0.000000] SMBIOS 2.5 present.
[    0.000000] Hypervisor detected: KVM
[    0.000000] Kernel/User page tables isolation: disabled
[    0.000000] e820: last_pfn = 0x3fff0 max_arch_pfn = 0x400000000
[    0.000000] MTRR: Disabled
[    0.000000] x86/PAT: MTRRs disabled, skipping PAT initialization too.
[    0.000000] CPU MTRRs all blank - virtualized system.
[    0.000000] x86/PAT: Configuration [0-7]: WB  WT  UC- UC  WB  WT  UC- UC  
[    0.000000] found SMP MP-table at [mem 0x0009ff0-x0009ffff] mapped at [ffff88000009fff0]
[    0.000000] Scanning 1 areas for low memory corruption
[    0.000000] RAMDISK: [mem 0x362dc000-0x37165fff]
[    0.000000] ACPI: Early table checksum verification disabled
[    0.000000] ACPI: RSDP 0x00000000000E0000 000024 (v02 VBOX  )
[    0.000000] ACPI: XSDT 0x000000003FFF0030 00003C (v01 VBOX   VBOXXSDT 00000001 ASL  00000061)
[    0.000000] ACPI: FACP 0x000000003FFF00F0 0000F4 (v04 VBOX   VBOXFACP 00000001 ASL  00000061)
[    0.000000] ACPI: DSDT 0x000000003FFF0470 002325 (v02 VBOX   VBOXBIOS 00000002 INTL 20100528)
[    0.000000] ACPI: FACS 0x000000003FFF0200 000040
[    0.000000] ACPI: FACS 0x000000003FFF0200 000040
[    0.000000] ACPI: APIC 0x000000003FFF0240 00005C (v02 VBOX   VBOXAPIC 00000001 ASL  00000061)
[    0.000000] ACPI: SSDT 0x000000003FFF02A0 0001CC (v01 VBOX   VBOXCPUT 00000002 INTL 20100528)
[    0.000000] No NUMA configuration found
[    0.000000] Faking a node at [mem 0x0000000000000000-0x000000003ffeffff]
[    0.000000] NODE_DATA(0) allocated [mem 0x3ffeb000-0x3ffeffff]
[    0.000000] kvm-clock: Using msrs 4b564d01 and 4b564d00
[    0.000000] kvm-clock: cpu 0, msr 0:3ffe3001, primary cpu clock
[    0.000000] kvm-clock: using sched offset of 9667611865 cycles
[    0.000000] clocksource: kvm-clock: mask: 0xffffffffffffffff max_cycles: 0x1cd42e4dffb, max_idle_ns: 881590591483 ns
[    0.000000] Zone ranges:
[    0.000000]   DMA      [mem 0x0000000000001000-0x0000000000ffffff]
[    0.000000]   DMA32    [mem 0x0000000001000000-0x000000003ffeffff]
[    0.000000]   Normal   empty
[    0.000000]   Device   empty
[    0.000000] Movable zone start for each node
[    0.000000] Early memory node ranges
[    0.000000]   node   0: [mem 0x0000000000001000-0x000000000009efff]
[    0.000000]   node   0: [mem 0x0000000000100000-0x000000003ffeffff]
[    0.000000] Initmem setup node 0 [mem 0x0000000000001000-0x000000003ffeffff]
[    0.000000] ACPI: PM-Timer IO Port: 0x4008
[    0.000000] IOAPIC[0]: apic_id 2, version 32, address 0xfec00000, GSI 0-23
[    0.000000] ACPI: INT_SRC_OVR (bus 0 bus_irq 0 global_irq 2 dfl dfl)
[    0.000000] ACPI: INT_SRC_OVR (bus 0 bus_irq 9 global_irq 9 low level)
[    0.000000] Using ACPI (MADT) for SMP configuration information
[    0.000000] smpboot: Allowing 2 CPUs, 0 hotplug CPUs
[    0.000000] PM: Registered nosave memory: [mem 0x00000000-0x00000fff]
[    0.000000] PM: Registered nosave memory: [mem 0x0009f000-0x0009ffff]
[    0.000000] PM: Registered nosave memory: [mem 0x000a0000-0x000effff]
[    0.000000] PM: Registered nosave memory: [mem 0x000f0000-0x000fffff]
[    0.000000] e820: [mem 0x40000000-0xfebfffff] available for PCI devices
[    0.000000] Booting paravirtualized kernel on KVM
[    0.000000] clocksource: refined-jiffies: mask: 0xffffffff max_cycles: 0xffffffff, max_idle_ns: 7645519600211568 ns
[    0.000000] setup_percpu: NR_CPUS:512 nr_cpumask_bits:512 nr_cpu_ids:2 nr_node_ids:1
[    0.000000] PERCPU: Embedded 33 pages/cpu @ffff88003fc00000 s95192 r8192 d31784 u1048576
[    0.000000] Built 1 zonelists in Node order, mobility grouping on.  Total pages: 257912
[    0.000000] Policy zone: DMA32
[    0.000000] Kernel command line: BOOT_IMAGE=/boot/vmlinuz-4.4.0-210-generic root=LABEL=cloudimg-rootfs ro console=tty1 console=ttyS0
[    0.000000] PID hash table entries: 4096 (order: 3, 32768 bytes)
[    0.000000] Memory: 997792K/1048120K available (8644K kernel code, 1332K rwdata, 4044K rodata, 1492K init, 1164K bss, 50328K reserved, 0K cma-reserved)
[    0.000000] SLUB: HWalign=64, Order=0-3, MinObjects=0, CPUs=2, Nodes=1
[    0.000000] Hierarchical RCU implementation.
[    0.000000] 	Build-time adjustment of leaf fanout to 64.
[    0.000000] 	RCU restricting CPUs from NR_CPUS=512 to nr_cpu_ids=2.
[    0.000000] RCU: Adjusting geometry for rcu_fanout_leaf=64, nr_cpu_ids=2
[    0.000000] NR_IRQS:33024 nr_irqs:440 16
[    0.000000] Console: colour VGA+ 80x25
[    0.000000] console [tty1] enabled
[    0.000000] console [ttyS0] enabled
[    0.000000] tsc: Detected 3293.842 MHz processor
[    3.859438] Calibrating delay loop (skipped) preset value.. 6587.68 BogoMIPS (lpj=13175368)
[    3.902284] pid_max: default: 32768 minimum: 301
[    3.932047] ACPI: Core revision 20150930
[    3.956078] ACPI: 2 ACPI AML tables successfully acquired and loaded
[    4.002840] Security Framework initialized
[    4.048554] Yama: becoming mindful.
[    4.076261] AppArmor: AppArmor initialized
[    4.109594] Dentry cache hash table entries: 131072 (order: 8, 1048576 bytes)
[    4.153317] Inode-cache hash table entries: 65536 (order: 7, 524288 bytes)
[    4.197655] Mount-cache hash table entries: 2048 (order: 2, 16384 bytes)
[    4.235499] Mountpoint-cache hash table entries: 2048 (order: 2, 16384 bytes)
[    4.279226] Initializing cgroup subsys io
[    4.302702] Initializing cgroup subsys memory
[    4.331527] Initializing cgroup subsys devices
[    4.356073] Initializing cgroup subsys freezer
[    4.383415] Initializing cgroup subsys net_cls
[    4.414034] Initializing cgroup subsys perf_event
[    4.444686] Initializing cgroup subsys net_prio
[    4.469277] Initializing cgroup subsys hugetlb
[    4.493149] Initializing cgroup subsys pids
[    4.516048] mce: CPU supports 0 MCE banks
[    4.544146] Last level iTLB entries: 4KB 512, 2MB 1024, 4MB 512
[    4.579752] Last level dTLB entries: 4KB 1024, 2MB 1024, 4MB 512, 1GB 0
[    4.617761] Spectre V1 : Mitigation: usercopy/swapgs barriers and __user pointer sanitization
[    4.666875] Spectre V2 : Spectre mitigation: LFENCE not serializing, switching to generic retpoline
[    4.727779] Spectre V2 : Mitigation: Full generic retpoline
[    4.761170] Spectre V2 : Spectre v2 / SpectreRSB mitigation: Filling RSB on context switch
[    4.804533] Freeing SMP alternatives memory: 36K
[    4.846329] ftrace: allocating 32380 entries in 127 pages
[    5.038878] smpboot: APIC(0) Converting physical 0 to logical package 0
[    5.077911] smpboot: Max logical packages: 1
[    5.110398] x2apic enabled
[    5.143431] Switched APIC routing to physical x2apic.
[    5.173299] ..TIMER: vector=0x30 apic1=0 pin1=2 apic2=-1 pin2=-1
[    5.312388] APIC calibration not consistent with PM-Timer: 94ms instead of 100ms
[    5.352024] APIC delta adjusted to PM-Timer: 6297523 (5957660)
[    5.402039] smpboot: CPU0: AMD A8-7650K Radeon R7, 10 Compute Cores 4C+6G (family: 0x15, model: 0x30, stepping: 0x1)
[    5.464691] Performance Events: Broken PMU hardware detected, using software events only.
[    5.544398] Failed to access perfctr msr (MSR c0010007 is 0)
[    5.609179] KVM setup paravirtual spinlock
[    5.647224] x86: Booting SMP configuration:
[    5.675919] .... node  #0, CPUs:      #1
[    5.697905] kvm-clock: cpu 1, msr 0:3ffe3041, secondary cpu clock
[    5.752506] mce: CPU supports 0 MCE banks
[    5.785004] x86: Booted up 1 node, 2 CPUs
[    5.804609] smpboot: Total of 2 processors activated (13175.36 BogoMIPS)
[    5.859906] devtmpfs: initialized
[    5.880089] evm: security.selinux
[    5.904969] evm: security.SMACK64
[    5.932973] evm: security.SMACK64EXEC
[    5.953311] evm: security.SMACK64TRANSMUTE
[    5.981432] evm: security.SMACK64MMAP
[    6.004396] evm: security.ima
[    6.019244] evm: security.capability
[    6.040516] clocksource: jiffies: mask: 0xffffffff max_cycles: 0xffffffff, max_idle_ns: 7645041785100000 ns
[    6.104890] futex hash table entries: 512 (order: 3, 32768 bytes)
[    6.148499] pinctrl core: initialized pinctrl subsystem
[    6.171115] RTC time: 11:26:53, date: 08/15/22
[    6.198589] NET: Registered protocol family 16
[    6.233187] cpuidle: using governor ladder
[    6.281226] cpuidle: using governor menu
[    6.303205] PCCT header not found.
[    6.319575] ACPI: bus type PCI registered
[    6.352265] acpiphp: ACPI Hot Plug PCI Controller Driver version: 0.5
[    6.398603] PCI: Using configuration type 1 for base access
[    6.435800] PCI: Using configuration type 1 for extended access
[    6.482045] ACPI: Added _OSI(Module Device)
[    6.504155] ACPI: Added _OSI(Processor Device)
[    6.535550] ACPI: Added _OSI(3.0 _SCP Extensions)
[    6.564715] ACPI: Added _OSI(Processor Aggregator Device)
[    6.613519] ACPI: Executed 1 blocks of module-level executable AML code
[    6.664875] ACPI: Interpreter enabled
[    6.686240] ACPI: (supports S0 S5)
[    6.714185] ACPI: Using IOAPIC for interrupt routing
[    6.740444] PCI: Using host bridge windows from API; if necessary, use "pci=nocrs" and report a bug
[    6.901813] ACPI: PCI Root Bridge [PCI0] (domain 0000 [bus 00-ff])
[    6.946634] acpi PNP0A03:00: _OSC: OS supports [ExtendedConfig ASPM ClockPM Segments MSI]
[    6.989693] acpi PNP0A03:00: _OSC: platform does not support [PCIeCapability]
[    7.039504] acpi PNP0A03:00: _OSC: not requesting control; platform does not support [PCIeCapability]
[    7.090352] acpi PNP0A03:00: _OSC: OS requested [PCIeHotplug PME AER PCIeCapability]
[   7.220353] acpi PNP0A03:00: _OSC: platform willing to grant [PCIeHotplug PME AER]
[    7.397399] acpi PNP0A03:00: _OSC failed (AE_SUPPORT); disabling ASPM
[    7.434478] PCI host bridge to bus 0000:00
[    7.509559] pci_bus 0000:00: root bus resource [io  0x0000-0x0cf7 window]
[    7.723450] pci_bus 0000:00: root bus resource [io  0x0d00-0xffff window]
[    7.799011] pci_bus 0000:00: root bus resource [mem 0x000a0000-0x000bffff window]
[    7.851071] pci_bus 0000:00: root bus resource [mem 0x4000000-0xfdffffff window]
[   8.138148] pci_bus 0000:00: root bus resource [bus 00-ff]
[    8.326900] pci 0000:00:01.1: legacy IDE quirk: reg 0x10: [io  0x01f0-0x01f7]
[    8.361383] pci 0000:00:01.1: legacy IDE quirk: reg 0x14: [io  0x03f6]
[    8.446950] pci 0000:00:01.1: legacy IDE quirk: reg 0x18: [io  0x0170-0x0177]
[    8.560194] pci 0000:00:01.1: legacy IDE quirk: reg 0x1c: [io  0x0376]
[    8.767905] pci 0000:00:07.0: quirk: [io  0x4000-0x403f] claimed by PIIX4 ACPI
[    8.839050] pci 0000:00:07.0: quirk: [io  0x4100-0x410f] claimed by PIIX4 SMB
[    8.961385] ACPI: PCI Interrupt Link [LNKA] (IRQs 5 9 10 *11)
[    9.039561] ACPI: PCI Interrupt Link [LNKB] (IRQs 5 9 *10 11)
[    9.081216] ACPI: PCI Interrupt Link [LNKC] (IRQs 5 *9 10 11)
[    9.141101] ACPI: PCI Interrupt Link [LNKD] (IRQs 5 9 10 *11)
[    9.283535] ACPI: Enabled 2 GPEs in block 00 to 07
[    9.335340] vgaarb: setting as boot device: PCI:0000:00:02.0
[    9.378081] vgaarb: device added: PCI:0000:00:02.0,decodes=io+mem,owns=io+mem,locks=none
[    9.432360] vgaarb: loaded
[    9.454772] vgaarb: bridge control possible 0000:00:02.0
[    9.487986] SCSI subsystem initialized
[    9.506568] ACPI: bus type USB registered
[    9.538514] usbcore: registered new interface driver usbfs
[    9.581205] usbcore: registered new interface driver hub
[    9.614473] usbcore: registered new device driver usb
[    9.657840] PCI: Using ACPI for IRQ routing
[    9.688333] NetLabel: Initializing
[    9.705290] NetLabel:  domain hash size = 128
[    9.732428] NetLabel:  protocols = UNLABELED CIPSOv4
[    9.765188] NetLabel:  unlabeled traffic allowed by default
[    9.807610] amd_nb: Cannot enumerate AMD northbridges
[    9.833046] clocksource: Switched to clocksource kvm-clock
[    9.902382] AppArmor: AppArmor Filesystem Enabled
[    9.930300] pnp: PnP ACPI init
[    9.955978] pnp: PnP ACPI: found 3 devices
[   10.004485] clocksource: acpi_pm: mask: 0xffffff max_cycles: 0xffffff, max_idle_ns: 2085701024 ns
[   10.054866] NET: Registered protocol family 2
[   10.105219] TCP established hash table entries: 8192 (order: 4, 65536 bytes)
[   10.223952] TCP bind hash table entries: 8192 (order: 5, 131072 bytes)
[   10.290681] TCP: Hash tables configured (established 8192 bind 8192)
[   10.335035] UDP hash table entries: 512 (order: 2, 16384 bytes)
[   10.370459] UDP-Lite hash table entries: 512 (order: 2, 16384 bytes)
[   10.429014] NET: Registered protocol family 1
[   10.451504] pci 0000:00:00.0: Limiting direct PCI/PCI transfers
[   10.491289] pci 0000:00:01.0: Activating ISA DMA hang workarounds
[   10.526780] Unpacking initramfs...
[   12.285644] Freeing initrd memory: 14888K
[   12.377913] clocksource: tsc: mask: 0xffffffffffffffff max_cycles: 0x2f7a92b63c4, max_idle_ns: 440795219646 ns
[   12.525935] platform rtc_cmos: registered platform RTC device (no PNP device found)
[   12.738798] Scanning for low memory corruption every 60 seconds
[   12.827658] audit: initializing netlink subsys (disabled)
[   12.875721] audit: type=2000 audit(1660562825.639:1): initialized
[   12.942034] Initialise system trusted keyring
[   12.965393] HugeTLB registered 2 MB page size, pre-allocated 0 pages
[   13.008001] zbud: loaded
[   13.025813] VFS: Disk quotas dquot_6.6.0
[   13.045203] VFS: Dquot-cache hash table entries: 512 (order 0, 4096 bytes)
[   13.091491] squashfs: version 4.0 (2009/01/31) Phillip Lougher
[   13.141130] fuse init (API version 7.23)
[   13.165669] Key type big_key registered
[   13.186273] Allocating IMA MOK and blacklist keyrings.
[   13.235129] Key type asymmetric registered
[   13.261988] Asymmetric key parser 'x509' registered
[   13.286895] Block layer SCSI generic (bsg) driver version 0.4 loaded (major 249)
[   13.340997] io scheduler noop registered
[   13.360253] io scheduler deadline registered (default)
[   13.393904] io scheduler cfq registered
[   13.415325] pci_hotplug: PCI Hot Plug PCI Core version: 0.5
[   13.463783] pciehp: PCI Express Hot Plug Controller Driver version: 0.4
[   13.502748] ACPI: AC Adapter [AC] (on-line)
[   13.552134] input: Power Button as /devices/LNXSYSTM:00/LNXPWRBN:00/input/input0
[   13.610255] ACPI: Power Button [PWRF]
[   13.630364] input: Sleep Button as /devices/LNXSYSTM:00/LNXSLPBN:00/input/input1
[   13.684812] ACPI: Sleep Button [SLPF]
[   13.721374] GHES: HEST is not enabled!
[   13.750123] Serial: 8250/16550 driver, 32 ports, IRQ sharing enabled
[   13.819428] 00:02: ttyS0 at I/O 0x3f8 (irq = 4, base_baud = 115200) is a 16550A
[   13.876976] Linux agpgart interface v0.103
[   13.900461] loop: module loaded
[   13.927012] scsi host0: ata_piix
[   13.942536] scsi host1: ata_piix
[   13.956569] ata1: PATA max UDMA/33 cmd 0x1f0 ctl 0x3f6 bmdma 0xd000 irq 14
[   14.008950] ata2: PATA max UDMA/33 cmd 0x170 ctl 0x376 bmdma 0xd008 irq 15
[   14.061434] libphy: Fixed MDIO Bus: probed
[   14.101613] tun: Universal TUN/TAP device driver, 1.6
[   14.153435] tun: (C) 1999-2004 Max Krasnyansky <maxk@qualcomm.com>
[   14.193127] PPP generic driver version 2.4.2
[   14.226231] ehci_hcd: USB 2.0 'Enhanced' Host Controller (EHCI) Driver
[   14.270806] ehci-pci: EHCI PCI platform driver
[   14.301414] ehci-platform: EHCI generic platform driver
[   14.338335] ohci_hcd: USB 1.1 'Open' Host Controller (OHCI) Driver
[   14.384343] ohci-pci: OHCI PCI platform driver
[   14.407720] ohci-platform: OHCI generic platform driver
[   14.433578] uhci_hcd: USB Universal Host Controller Interface driver
[   14.471119] i8042: PNP: PS/2 Controller [PNP0303:PS2K,PNP0f03:PS2M] at 0x60,0x64 irq 1,12
[   14.518646] serio: i8042 KBD port at 0x60,0x64 irq 1
[   14.543603] serio: i8042 AUX port at 0x60,0x64 irq 12
[   14.571429] mousedev: PS/2 mouse device common for all mice
[   14.601022] input: AT Translated Set 2 keyboard as /devices/platform/i8042/serio0/input/input2
[   14.607114] rtc_cmos rtc_cmos: rtc core: registered rtc_cmos as rtc0
[   14.607485] rtc_cmos rtc_cmos: alarms up to one day, 114 bytes nvram
[   14.607518] i2c /dev entries driver
[   14.607650] device-mapper: uevent: version 1.0.3
[   14.607785] device-mapper: ioctl: 4.34.0-ioctl (2015-10-28) initialised: dm-devel@redhat.com
[   14.607812] ledtrig-cpu: registered to indicate activity on CPUs
[   14.608105] x86/pm: family 0x15 cpu detected, MSR saving is needed during suspending.
[   14.608850] NET: Registered protocol family 10
[   14.609101] NET: Registered protocol family 17
[   14.609119] Key type dns_resolver registered
[   14.609960] registered taskstats version 1
[   14.609973] Loading compiled-in X.509 certificates
[   14.610800] Loaded X.509 cert 'Build time autogenerated kernel key: cf00e047681d67edb2720680708b7d9498083038'
[   14.610849] zswap: loaded using pool lzo/zbud
[   14.614775] Key type trusted registered
[   14.623170] Key type encrypted registered
[   14.623200] AppArmor: AppArmor sha1 policy hashing enabled
[   14.623209] ima: No TPM chip found, activating TPM-bypass!
[   14.623228] ima: Allocated hash algorithm: sha1
[   14.623263] evm: HMAC attrs: 0x1
[   14.624058]   Magic number: 2:679:428
[   14.653797] rtc_cmos rtc_cmos: setting system clock to 2022-08-15 11:27:02 UTC (1660562822)
[   14.654349] BIOS EDD facility v0.16 2004-Jun-25, 0 devices found
[   14.654350] EDD information not available.
[   15.489736] Freeing unused kernel memory: 1492K
[   15.534171] Write protecting the kernel read-only data: 14336k
[   15.564554] Freeing unused kernel memory: 1584K
[   15.594959] Freeing unused kernel memory: 52K
Loading, please wait...
starting version 229
[   15.677523] random: systemd-udevd: uninitialized urandom read (16 bytes read, 4 bits of entropy available)
[   15.678645] random: udevadm: uninitialized urandom read (16 bytes read, 4 bits of entropy available)
[   15.678690] random: udevadm: uninitialized urandom read (16 bytes read, 4 bits of entropy available)
[   15.705107] random: udevadm: uninitialized urandom read (16 bytes read, 4 bits of entropy available)
[   15.705182] random: udevadm: uninitialized urandom read (16 bytes read, 4 bits of entropy available)
[   15.705412] random: udevadm: uninitialized urandom read (16 bytes read, 4 bits of entropy available)
[   15.705485] random: udevadm: uninitialized urandom read (16 bytes read, 4 bits of entropy available)
[   15.705589] random: udevadm: uninitialized urandom read (16 bytes read, 4 bits of entropy available)
[   15.705660] random: udevadm: uninitialized urandom read (16 bytes read, 4 bits of entropy available)
[   15.705725] random: udevadm: uninitialized urandom read (16 bytes read, 4 bits of entropy available)
[   16.391896] e1000: Intel(R) PRO/1000 Network Driver - version 7.3.21-k8-NAPI
[   16.436083] e1000: Copyright (c) 1999-2006 Intel Corporation.
[   16.478581] Fusion MPT base driver 3.04.20
[   16.505014] Copyright (c) 1999-2008 LSI Corporation
[   16.677575] input: ImExPS/2 Generic Explorer Mouse as /devices/platform/i8042/serio1/input/input4
[   16.729520] Fusion MPT SPI Host driver 3.04.20
[   16.771785] AVX version of gcm_enc/dec engaged.
[   16.793371] AES CTR mode by8 optimization enabled
[   17.345183] e1000 0000:00:03.0 eth0: (PCI:33MHz:32-bit) 02:be:82:6b:cc:1d
[   17.427449] e1000 0000:00:03.0 eth0: Intel(R) PRO/1000 Network Connection
[   18.428153] e1000 0000:00:08.0 eth1: (PCI:33MHz:32-bit) 08:00:27:ac:eb:c6
[   18.463782] e1000 0000:00:08.0 eth1: Intel(R) PRO/1000 Network Connection
[   18.509026] mptbase: ioc0: Initiating bringup
[   18.510758] e1000 0000:00:03.0 enp0s3: renamed from eth0
[   18.575827] e1000 0000:00:08.0 enp0s8: renamed from eth1
[   18.678384] ioc0: LSI53C1030 A0: Capabilities={Initiator}
[   18.875503] scsi host2: ioc0: LSI53C1030 A0, FwRev=00000000h, Ports=1, MaxQ=256, IRQ=20
[   19.782805] scsi 2:0:0:0: Direct-Access     VBOX     HARDDISK         1.0  PQ: 0 ANSI: 5
[   19.832192] scsi target2:0:0: Beginning Domain Validation
[   19.867999] scsi target2:0:0: Domain Validation skipping write tests
[   19.906251] scsi target2:0:0: Ending Domain Validation
[   19.932320] scsi target2:0:0: asynchronous
[   19.956740] scsi 2:0:1:0: Direct-Access     VBOX     HARDDISK         1.0  PQ: 0 ANSI: 5
[   20.001789] scsi target2:0:1: Beginning Domain Validation
[   20.036133] scsi target2:0:1: Domain Validation skipping write tests
[   20.066648] scsi target2:0:1: Ending Domain Validation
[   20.091043] scsi target2:0:1: asynchronous
[   20.194630] sd 2:0:0:0: [sda] 83886080 512-byte logical blocks: (42.9 GB/40.0 GiB)
[   20.231840] sd 2:0:0:0: Attached scsi generic sg0 type 0
[   20.266578] sd 2:0:0:0: [sda] Write Protect is off
[   20.267196] sd 2:0:1:0: Attached scsi generic sg1 type 0
[   20.339448] sd 2:0:0:0: [sda] Incomplete mode parameter data
[   20.374574] sd 2:0:0:0: [sda] Assuming drive cache: write through
[   20.384125] sd 2:0:1:0: [sdb] 20480 512-byte logical blocks: (10.5 MB/10.0 MiB)
[   20.460202] sd 2:0:1:0: [sdb] Write Protect is off
[   20.467856]  sda: sda1
[   20.469592] sd 2:0:0:0: [sda] Attached SCSI disk
[   20.528879] sd 2:0:1:0: [sdb] Incomplete mode parameter data
[   20.557682] sd 2:0:1:0: [sdb] Assuming drive cache: write through
[   20.612119] sd 2:0:1:0: [sdb] Attached SCSI disk
Begin: Loading essential drivers ... [   23.159190] md: linear personality registered for level -1
[   23.210460] md: multipath personality registered for level -4
[   23.292348] md: raid0 personality registered for level 0
[   23.345351] md: raid1 personality registered for level 1
[   23.478000] raid6: sse2x1   gen()  2713 MB/s
[   23.577749] raid6: sse2x1   xor()  1190 MB/s
[   23.662193] raid6: sse2x2   gen()  5354 MB/s
[   23.749586] raid6: sse2x2   xor()  3353 MB/s
[   23.842096] raid6: sse2x4   gen()  1359 MB/s
[   23.932990] raid6: sse2x4   xor()  1704 MB/s
[   23.974528] raid6: using algorithm sse2x2 gen() 5354 MB/s
[   24.104347] raid6: .... xor() 3353 MB/s, rmw enabled
[   24.164901] raid6: using ssse3x2 recovery algorithm
[   24.239067] xor: automatically using best checksumming function:
[   24.430372]    avx       :  7709.000 MB/sec
[   24.486118] async_tx: api initialized (async)
[   24.565197] md: raid6 personality registered for level 6
[   24.592250] md: raid5 personality registered for level 5
[   24.629802] md: raid4 personality registered for level 4
[   24.690922] md: raid10 personality registered for level 10
done.
Begin: Running /scripts/init-premount ... done.
Begin: Mounting root file system ... Begin: Running /scripts/local-top ... done.
Begin: Running /scripts/local-premount ... [   24.806761] Btrfs loaded
Scanning for Btrfs filesystems
done.
Warning: fsck not present, so skipping root file system
[   25.014904] EXT4-fs (sda1): mounted filesystem with ordered data mode. Opts: (null)
done.
Begin: Running /scripts/local-bottom ... done.
Begin: Running /scripts/init-bottom ... done.
[   25.869097] systemd[1]: systemd 229 running in system mode. (+PAM +AUDIT +SELINUX +IMA +APPARMOR +SMACK +SYSVINIT +UTMP +LIBCRYPTSETUP +GCRYPT +GNUTLS +ACL +XZ -LZ4 +SECCOMP +BLKID +ELFUTILS +KMOD -IDN)
[   25.984898] systemd[1]: Detected virtualization oracle.
[   26.016982] systemd[1]: Detected architecture x86-64.

Welcome to [1mUbuntu 16.04.7 LTS[0m!

[   26.079385] systemd[1]: Set hostname to <ubuntu-xenial>.
[   26.133412] random: nonblocking pool is initialized
[   27.526977] systemd[1]: Listening on fsck to fsckd communication Socket.
[[0;32m  OK  [0m] Listening on fsck to fsckd communication Socket.
[   27.577234] systemd[1]: Listening on udev Kernel Socket.
[[0;32m  OK  [0m] Listening on udev Kernel Socket.
[   27.618294] systemd[1]: Reached target System Time Synchronized.
[[0;32m  OK  [0m] Reached target System Time Synchronized.
[   27.834210] systemd[1]: Listening on Syslog Socket.
[[0;32m  OK  [0m] Listening on Syslog Socket.
[   27.909491] systemd[1]: Listening on /dev/initctl Compatibility Named Pipe.
[[0;32m  OK  [0m] Listening on /dev/initctl Compatibility Named Pipe.
[   27.975001] systemd[1]: Listening on udev Control Socket.
[[0;32m  OK  [0m] Listening on udev Control Socket.
[   28.299218] systemd[1]: Listening on LVM2 metadata daemon socket.
[[0;32m  OK  [0m] Listening on LVM2 metadata daemon socket.
[   28.351644] systemd[1]: Reached target Encrypted Volumes.
[[0;32m  OK  [0m] Reached target Encrypted Volumes.
[   28.398215] systemd[1]: Reached target User and Group Name Lookups.
[[0;32m  OK  [0m] Reached target User and Group Name Lookups.
[   28.450412] systemd[1]: Started Forward Password Requests to Wall Directory Watch.
[[0;32m  OK  [0m] Started Forward Password Requests to Wall Directory Watch.
[   28.514841] systemd[1]: Listening on Journal Audit Socket.
[[0;32m  OK  [0m] Listening on Journal Audit Socket.
[   28.565732] systemd[1]: Started Trigger resolvconf update for networkd DNS.
[[0;32m  OK  [0m] Started Trigger resolvconf update for networkd DNS.
[   28.626636] systemd[1]: Created slice User and Session Slice.
[[0;32m  OK  [0m] Created slice User and Session Slice.
[   28.822395] systemd[1]: Created slice System Slice.
[[0;32m  OK  [0m] Created slice System Slice.
[   28.858425] systemd[1]: Reached target Slices.
[[0;32m  OK  [0m] Reached target Slices.
[   28.900604] systemd[1]: Created slice system-serial\x2dgetty.slice.
[[0;32m  OK  [0m] Created slice system-serial\x2dgetty.slice.
[   28.945621] systemd[1]: Listening on Journal Socket.
[[0;32m  OK  [0m] Listening on Journal Socket.
[   29.326999] systemd[1]: Starting Load Kernel Modules...
         Starting Load Kernel Modules...
[   29.409869] systemd[1]: Mounting Huge Pages File System...
         Mounting Huge Pages File System...
[   29.506733] Loading iSCSI transport class v2.0-870.
[   29.509386] systemd[1]: Starting Create list of required static device nodes for the current kernel...
         Starting Create list of required st... nodes for the current kernel...
[   29.722095] systemd[1]: Starting File System Check on Root Device...
[   29.770916] iscsi: registered transport (tcp)
         Starting File System Check on Root Device...
[   29.819882] systemd[1]: Starting Set console keymap...
         Starting Set console keymap...
[   29.896832] systemd[1]: Set up automount Arbitrary Executable File Formats File System Automount Point.
[[0;32m  OK  [0m] Set up automount Arbitrary Executab...ats File System Automount Point.
[   30.113489] systemd[1]: Mounting Debug File System...
         Mounting Debug File System...
[   30.210575] systemd[1]: Listening on LVM2 poll daemon socket.
[[0;32m  OK  [0m] Listening on LVM2 poll daemon socket.
[   30.361158] systemd[1]: Reached target Swap.
[[0;32m  OK  [0m] Reached target Swap.
[   30.420608] systemd[1]: Listening on Journal Socket (/dev/log).
[[0;32m  OK  [0m] Listening on Journal Socket (/dev/log).
[   30.461675] iscsi: registered transport (iser)
[   30.593575] systemd[1]: Starting Journal Service...
         Starting Journal Service...
[   30.730470] systemd[1]: Listening on Device-mapper event daemon FIFOs.
[[0;32m  OK  [0m] Listening on Device-mapper event daemon FIFOs.
[   30.834290] systemd[1]: Starting Monitoring of LVM2 mirrors, snapshots etc. using dmeventd or progress polling...
         Starting Monitoring of LVM2 mirrors... dmeventd or progress polling...
[   31.004188] systemd[1]: Mounting POSIX Message Queue File System...
         Mounting POSIX Message Queue File System...
[   31.042805] systemd[1]: Starting Nameserver information manager...
         Starting Nameserver information manager...
[   31.090639] systemd[1]: Starting Uncomplicated firewall...
         Starting Uncomplicated firewall...
[   31.157534] systemd[1]: Mounted Huge Pages File System.
[[0;32m  OK  [0m] Mounted Huge Pages File System.
[   31.198329] systemd[1]: Mounted POSIX Message Queue File System.
[[0;32m  OK  [0m] Mounted POSIX Message Queue File System.
[   31.476877] systemd[1]: Mounted Debug File System.
[[0;32m  OK  [0m] Mounted Debug File System.
[   31.514220] systemd[1]: Started Journal Service.
[[0;32m  OK  [0m] Started Journal Service.
[[0;32m  OK  [0m] Started Load Kernel Modules.
[[0;32m  OK  [0m] Started Create list of required sta...ce nodes for the current kernel.
[[0;32m  OK  [0m] Started File System Check on Root Device.
[[0;32m  OK  [0m] Started Set console keymap.
[[0;32m  OK  [0m] Started Uncomplicated firewall.
[[0;32m  OK  [0m] Started Nameserver information manager.
[[0;32m  OK  [0m] Started LVM2 metadata daemon.
[[0;32m  OK  [0m] Started File System Check Daemon to report status.
         Starting Remount Root and Kernel File Systems...
         Starting Create Static Device Nodes in /dev...
         [   31.829440] EXT4-fs (sda1): re-mounted. Opts: (null)
Starting Apply Kernel Variables...
         Mounting FUSE Control File System...
[[0;32m  OK  [0m] Mounted FUSE Control File System.
[[0;32m  OK  [0m] Started Remount Root and Kernel File Systems.
[[0;32m  OK  [0m] Started Create Static Device Nodes in /dev.
[[0;32m  OK  [0m] Started Apply Kernel Variables.
         Starting udev Kernel Device Manager...
         Starting udev Coldplug all Devices...
         Starting Flush Journal to Persistent Storage...
         Starting Load/Save Random Seed...
[[0;32m  OK  [0m] Started Monitoring of LVM2 mirrors,...ng dmeventd or progress polling.
[[0;32m  OK  [0m] Started Load/Save Random Seed.
[[0;32m  OK  [0m] Reached target Local File Systems (Pre).
[[0;32m  OK  [0m] Reached target Local File Systems.
         Starting Initial cloud-init job (pre-networking)...
         Starting Set console font and keymap...
         Starting LSB: AppArmor initialization...
         Starting Tell Plymouth To Write Out Runtime Data...
[[0;32m  OK  [0m] Started Flush Journal to Persistent Storage.
[[0;32m  OK  [0m] Started udev Coldplug all Devices.
[[0;32m  OK  [0m] Started Tell Plymouth To Write Out Runtime Data.
[[0;32m  OK  [0m] Started udev Kernel Device Manager.
[[0;32m  OK  [0m] Started Dispatch Password Requests to Console Directory Watch.
         Starting Create Volatile Files and Directories...
[[0;32m  OK  [0m] Started Create Volatile Files and Directories.
         Starting Update UTMP about System Boot/Shutdown...
[[0;32m  OK  [0m] Found device /dev/ttyS0.
[[0;32m  OK  [0m] Started Update UTMP about System Boot/Shutdown.
[[0;32m  OK  [0m] Listening on Load/Save RF Kill Switch Status /dev/rfkill Watch.
[[0;32m  OK  [0m] Started LSB: AppArmor initialization.
         Starting Load AppArmor profiles managed internally by snapd...
[[0;32m  OK  [0m] Started Load AppArmor profiles managed internally by snapd.
[[0;32m  OK  [0m] Found device 82540EM Gigabit Ethern...r (PRO/1000 MT Desktop Adapter).
[[0;32m  OK  [0m] Found device 82540EM Gigabit Ethern...r (PRO/1000 MT Desktop Adapter).
[[0;32m  OK  [0m] Started Set console font and keymap.
[[0;32m  OK  [0m] Created slice system-getty.slice.
[   33.897530] cloud-init[490]: Cloud-init v. 21.1-19-gbad84ad4-0ubuntu1~16.04.2 running 'init-local' at Mon, 15 Aug 2022 11:27:26 +0000. Up 32.42 seconds.
[[0;32m  OK  [0m] Started Initial cloud-init job (pre-networking).
[[0;32m  OK  [0m] Reached target Network (Pre).
[[0;32m  OK  [0m] Started ifup for enp0s3.
[[0;32m  OK  [0m] Started ifup for enp0s8.
         Starting Raise network interfaces...
[[0;32m  OK  [0m] Started Raise network interfaces.
[[0;32m  OK  [0m] Reached target Network.
         Starting Initial cloud-init job (metadata service crawler)...
[   37.652001] cloud-init[1100]: Cloud-init v. 21.1-19-gbad84ad4-0ubuntu1~16.04.2 running 'init' at Mon, 15 Aug 2022 11:27:30 +0000. Up 36.42 seconds.
[   37.669277] cloud-init[1100]: ci-info: ++++++++++++++++++++++++++++++++++++++Net device info+++++++++++++++++++++++++++++++++++++++
[   37.685724] cloud-init[1100]: ci-info: +--------+------+-----------------------------+---------------+--------+-------------------+
[   37.709032] cloud-init[1100]: ci-info: | Device |  Up  |           Address           |      Mask     | Scope  |     Hw-Address    |
[   37.725028] cloud-init[1100]: ci-info: +--------+------+-----------------------------+---------------+--------+-------------------+
[   37.743287] cloud-init[1100]: ci-info: | enp0s3 | True |          10.0.2.15          | 255.255.255.0 | global | 02:be:82:6b:cc:1d |
[   37.758505] cloud-init[1100]: ci-info: | enp0s3 | True |  fe80::be:82ff:fe6b:cc1d/64 |       .       |  link  | 02:be:82:6b:cc:1d |
[   37.777681] cloud-init[1100]: ci-info: | enp0s8 | True |        192.168.10.100       | 255.255.255.0 | global | 08:00:27:ac:eb:c6 |
[   37.795233] cloud-init[1100]: ci-info: | enp0s8 | True | fe80::a00:27ff:feac:ebc6/64 |       .       |  link  | 08:00:27:ac:eb:c6 |
[   37.804249] cloud-init[1100]: ci-info: |   lo   | True |          127.0.0.1          |   255.0.0.0   |  host  |         .         |
[   37.825061] cloud-init[1100]: ci-info: |   lo   | True |           ::1/128           |       .       |  host  |         .         |
[   37.837629] cloud-init[1100]: ci-info: +--------+------+-----------------------------+---------------+--------+-------------------+
[   37.853225] cloud-init[1100]: ci-info: ++++++++++++++++++++++++++++Route IPv4 info++++++++++++++++++++++++++++
[   37.869322] cloud-init[1100]: ci-info: +-------+--------------+----------+---------------+-----------+-------+
[   37.881629] cloud-init[1100]: ci-info: | Route | Destination  | Gateway  |    Genmask    | Interface | Flags |
[   37.898557] cloud-init[1100]: ci-info: +-------+--------------+----------+---------------+-----------+-------+
[   37.913947] cloud-init[1100]: ci-info: |   0   |   0.0.0.0    | 10.0.2.2 |    0.0.0.0    |   enp0s3  |   UG  |
[   37.929211] cloud-init[1100]: ci-info: |   1   |   10.0.2.0   | 0.0.0.0  | 255.255.255.0 |   enp0s3  |   U   |
[   37.953223] cloud-init[1100]: ci-info: |   2   | 192.168.10.0 | 0.0.0.0  | 255.255.255.0 |   enp0s8  |   U   |
[   37.964623] cloud-init[1100]: ci-info: +-------+--------------+----------+---------------+-----------+-------+
[   37.991280] cloud-init[1100]: ci-info: +++++++++++++++++++Route IPv6 info+++++++++++++++++++
[   38.009618] [cloud-init[0;32m  OK  [0m[1100]: ] ci-info: +-------+-------------+---------+-----------+-------+Started Initial cloud-init job (metadata service crawler).

[[0;32m  OK  [0m] Reached target Cloud-config availability.
[[0;32m  OK  [0m] Reached target System Initialization.
[   38.023664] cloud-init[1100]: ci-info: | Route | Destination | Gateway | Interface | Flags |
[   38.290777] cloud-init[1100]: ci-info: +-------+-------------+---------+-----------+-------+
[   38.498776] [cloud-init[0;32m  OK  [0m[1100]: ] ci-info: |   0   |  fe80::/64  |    ::   |   enp0s8  |   U   |Started Message of the Day.

[   38.508561] cloud-init[1100]: ci-info: |   1   |  fe80::/64  |    ::   |   enp0s3  |   U   |
[   38.508912] cloud-init[1100]: ci-info: |   6   |   ff00::/8  |    ::   |   enp0s8  |   U   |
[[0;32m  OK  [0m] Started Daily apt download activities.
[   38.509046] cloud-init[1100]: ci-info: |   7   |   ff00::/8  |    ::   |   enp0s3  |   U   |
[   38.557421] cloud-init[1100]: ci-info: +-------+-------------+---------+-----------+-------+
         Starting LXD - unix socket.
[[0;32m  OK  [0m] Started ACPI Events Check.
[[0;32m  OK  [0m] Reached target Paths.
[[0;32m  OK  [0m] Started Daily Cleanup of Temporary Directories.
[[0;32m  OK  [0m] Listening on D-Bus System Message Bus Socket.
[[0;32m  OK  [0m] Listening on ACPID Listen Socket.
         Starting Socket activation for snappy daemon.
[[0;32m  OK  [0m] Started Ubuntu Advantage Timer for running repeated jobs.
[[0;32m  OK  [0m] Listening on UUID daemon activation socket.
[[0;32m  OK  [0m] Started Daily apt upgrade and clean activities.
[[0;32m  OK  [0m] Reached target Timers.
[[0;32m  OK  [0m] Reached target Network is Online.
         Starting iSCSI initiator daemon (iscsid)...
[[0;32m  OK  [0m] Listening on LXD - unix socket.
[[0;32m  OK  [0m] Listening on Socket activation for snappy daemon.
[[0;32m  OK  [0m] Reached target Sockets.
[[0;32m  OK  [0m] Reached target Basic System.
         Starting /etc/rc.local Compatibility...
         Starting A high performance web server and a reverse proxy server...
         Starting Accounts Service...
         Starting LSB: Record successful boot for GRUB...
[[0;32m  OK  [0m] Started D-Bus System Message Bus.
[[0;32m  OK  [0m] Started Deferred execution scheduler.
         Starting LSB: MD monitoring daemon...
         Starting System Logging Service...
         Starting Login Service...
[[0;32m  OK  [0m] Started FUSE filesystem for LXC.
[[0;32m  OK  [0m] Started Regular background program processing daemon.
         Starting OpenBSD Secure Shell server...
         Starting Virtualbox guest utils...
         Starting LXD - container startup/shutdown...
[[0;32m  OK  [0m] Started ACPI event daemon.
         Starting Snap Daemon...
[[0;32m  OK  [0m] Started System Logging Service.
[[0;32m  OK  [0m] Started iSCSI initiator daemon (iscsid).
[[0;32m  OK  [0m] Started /etc/rc.local Compatibility.
[[0;32m  OK  [0m] Started A high performance web server and a reverse proxy server.
[[0;32m  OK  [0m] Started OpenBSD Secure Shell server.
         Starting Authenticate and Authorize Users to Run Privileged Tasks...
         Starting Login to default iSCSI targets...
[[0;32m  OK  [0m] Started LSB: Record successful boot for GRUB.
[[0;32m  OK  [0m] Started LSB: MD monitoring daemon.
[[0;32m  OK  [0m] Started Login Service.
[[0;32m  OK  [0m] Started Unattended Upgrades Shutdown.
[[0;32m  OK  [0m] Started Authenticate and Authorize Users to Run Privileged Tasks.
[[0;32m  OK  [0m] Started Accounts Service.
[[0;32m  OK  [0m] Started Virtualbox guest utils.
[[0;32m  OK  [0m] Started Login to default iSCSI targets.
[[0;32m  OK  [0m] Reached target Remote File Systems (Pre).
         Mounting /vagrant...
[[0;1;31mFAILED[0m] Failed to mount /vagrant.
See 'systemctl status vagrant.mount' for details.
[[0;1;33mDEPEND[0m] Dependency failed for Remote File Systems.
         Starting LSB: daemon to balance interrupts for SMP systems...
         Starting Permit User Sessions...
         Starting LSB: automatic crash report generation...
         Starting LSB: Set the CPU Frequency Scaling governor to "ondemand"...
[[0;32m  OK  [0m] Started Permit User Sessions.
[[0;32m  OK  [0m] Started LXD - container startup/shutdown.
         Starting Terminate Plymouth Boot Screen...
         Starting Hold until boot process finishes up...
[[0;32m  OK  [0m] Started LSB: automatic crash report generation.
[[0;32m  OK  [0m] Started LSB: Set the CPU Frequency Scaling governor to "ondemand".
[[0;32m  OK  [0m] Started LSB: daemon to balance interrupts for SMP systems.
[[0;32m  OK  [0m] Started Terminate Plymouth Boot Screen.
[[0;32m  OK  [0m] Started Hold until boot process finishes up.
[[0;32m  OK  [0m] Started Serial Getty on ttyS0.
[[0;32m  OK  [0m] Started Getty on tty1.
[[0;32m  OK  [0m] Reached target Login Prompts.
         Starting Set console scheme...
[[0;32m  OK  [0m] Started Set console scheme.
[[0;32m  OK  [0m] Started Snap Daemon.
         Starting Wait until snapd is fully seeded...
[[0;32m  OK  [0m] Started Wait until snapd is fully seeded.
         Starting Apply the settings specified in cloud-config...
[   48.211083] cloud-init[1374]: Cloud-init v. 21.1-19-gbad84ad4-0ubuntu1~16.04.2 running 'modules:config' at Mon, 15 Aug 2022 11:27:41 +0000. Up 47.50 seconds.
[[0;32m  OK  [0m] Started Apply the settings specified in cloud-config.
         Starting cloud-id shim...

Ubuntu 16.04.7 LTS ubuntu-xenial ttyS0

ubuntu-xenial login: [   54.620661] cloud-init[1395]: Cloud-init v. 21.1-19-gbad84ad4-0ubuntu1~16.04.2 running 'modules:final' at Mon, 15 Aug 2022 11:27:48 +0000. Up 54.10 seconds.
[   54.621427] cloud-init[1395]: Cloud-init v. 21.1-19-gbad84ad4-0ubuntu1~16.04.2 finished at Mon, 15 Aug 2022 11:27:48 +0000. Datasource DataSourceNoCloud [seed=/dev/sdb][dsmode=net].  Up 54.60 seconds
